<?xml version="1.0" encoding="UTF-8"?>
<!-- Generated by org.testng.reporters.JUnitXMLReporter -->
<testsuite ignored="0" hostname="shivprasad-ThinkPad-T460" failures="2" tests="3" name="Test" time="0.086" errors="0" timestamp="2024-02-01T23:21:04 IST">
  <testcase classname="assertion.Soft_assertion_No_assertAll" name="division" time="0.017"/>
  <testcase classname="assertion.Hard_assertion" name="division" time="0.017">
    <failure type="java.lang.AssertionError" message="!!! ===================== Hard_assertion : division operation is not valid ===================== expected [5] but found [2]">
      <![CDATA[java.lang.AssertionError: !!! ===================== Hard_assertion : division operation is not valid ===================== expected [5] but found [2]
at assertion.Hard_assertion.division(Hard_assertion.java:18)
at java.base/java.util.concurrent.ThreadPoolExecutor.runWorker(ThreadPoolExecutor.java:1128)
at java.base/java.util.concurrent.ThreadPoolExecutor$Worker.run(ThreadPoolExecutor.java:628)
at java.base/java.lang.Thread.run(Thread.java:829)
... Removed 17 stack frames]]>
    </failure>
  </testcase> <!-- division -->
  <testcase classname="assertion.Soft_assertion_with_assertAll" name="division" time="0.006">
    <failure type="java.lang.AssertionError" message="The following asserts failed:
	!!! =====================Soft Assertio _All: division operation is not valid ===================== expected [5] but found [2],
	!!! =====================Soft Assertio _All: multiply operation is not valid ===================== expected [19] but found [18]">
      <![CDATA[java.lang.AssertionError: The following asserts failed:
!!! =====================Soft Assertio _All: division operation is not valid ===================== expected [5] but found [2],
!!! =====================Soft Assertio _All: multiply operation is not valid ===================== expected [19] but found [18]
at assertion.Soft_assertion_with_assertAll.division(Soft_assertion_with_assertAll.java:37)
at java.base/java.util.concurrent.ThreadPoolExecutor.runWorker(ThreadPoolExecutor.java:1128)
at java.base/java.util.concurrent.ThreadPoolExecutor$Worker.run(ThreadPoolExecutor.java:628)
at java.base/java.lang.Thread.run(Thread.java:829)
... Removed 14 stack frames]]>
    </failure>
  </testcase> <!-- division -->
</testsuite> <!-- Test -->
