<?xml version="1.0" encoding="UTF-8"?>
<!-- Generated by org.testng.reporters.JUnitXMLReporter -->
<testsuite ignored="3" hostname="shivprasad-ThinkPad-T460" failures="0" tests="0" time="0.014" errors="0" timestamp="2024-01-28T22:03:15 IST">
  <testcase classname="testNG_Keywords.Keyword_priority" name="testB" time="0.0">
    <ignored/>
  </testcase> <!-- testB -->
  <testcase classname="testNG_Keywords.Keyword_priority" name="testC" time="0.0">
    <ignored/>
  </testcase> <!-- testC -->
  <testcase classname="testNG_Keywords.Keyword_priority" name="testA" time="0.0">
    <ignored/>
  </testcase> <!-- testA -->
</testsuite>
