<?xml version="1.0" encoding="UTF-8"?>
<testng-results ignored="0" total="1" passed="1" failed="0" skipped="0">
  <reporter-output>
    <line>
      <![CDATA[================== setting bowser =======================]]>
    </line>
    <line>
      <![CDATA[================== launching bowser =======================]]>
    </line>
    <line>
      <![CDATA[================== Entering password : pwd =======================]]>
    </line>
  </reporter-output>
  <suite started-at="2024-01-28T23:19:19 IST" name="Default suite" finished-at="2024-01-28T23:19:19 IST" duration-ms="63">
    <groups>
    </groups>
    <test started-at="2024-01-28T23:19:19 IST" name="Default test" finished-at="2024-01-28T23:19:19 IST" duration-ms="63">
      <class name="testNG_Logs.Reporter_logs">
        <test-method signature="testing()[pri:0, instance:testNG_Logs.Reporter_logs@4bb33f74]" started-at="2024-01-28T23:19:19 IST" name="testing" finished-at="2024-01-28T23:19:19 IST" duration-ms="13" status="PASS">
          <reporter-output>
            <line>
              <![CDATA[================== setting bowser =======================]]>
            </line>
            <line>
              <![CDATA[================== launching bowser =======================]]>
            </line>
            <line>
              <![CDATA[================== Entering password : pwd =======================]]>
            </line>
          </reporter-output>
        </test-method> <!-- testing -->
      </class> <!-- testNG_Logs.Reporter_logs -->
    </test> <!-- Default test -->
  </suite> <!-- Default suite -->
</testng-results>
